10/10/2008 7:30:09 PM : ERROR - The operation has timed out
10/10/2008 7:31:12 PM : ERROR - The operation has timed out
10/10/2008 7:32:15 PM : ERROR - The operation has timed out
10/10/2008 7:33:18 PM : ERROR - The operation has timed out
10/10/2008 7:33:48 PM : ERROR - The operation has timed out
10/10/2008 7:34:21 PM : ERROR - The operation has timed out
10/10/2008 8:06:55 PM : ERROR - The operation has timed out
10/10/2008 9:39:54 PM : ERROR - The remote server returned an error: (404) Not Found.
10/10/2008 9:39:55 PM : ERROR - The remote server returned an error: (404) Not Found.
10/10/2008 9:39:57 PM : ERROR - The remote server returned an error: (404) Not Found.
10/10/2008 10:26:17 PM : ERROR - The operation has timed out
10/10/2008 10:47:48 PM : ERROR - The operation has timed out
10/10/2008 10:48:51 PM : ERROR - The operation has timed out
10/10/2008 11:08:37 PM : ERROR - The operation has timed out
10/11/2008 1:25:35 AM : ERROR - The operation has timed out
10/11/2008 1:25:46 AM : ERROR - The operation has timed out
10/11/2008 1:25:53 AM : ERROR - The operation has timed out
10/11/2008 1:26:34 AM : ERROR - The operation has timed out
10/11/2008 1:26:46 AM : ERROR - The operation has timed out
10/11/2008 1:26:56 AM : ERROR - The operation has timed out
10/11/2008 1:27:06 AM : ERROR - The operation has timed out
10/11/2008 1:27:16 AM : ERROR - The operation has timed out
10/11/2008 1:27:26 AM : ERROR - The operation has timed out
10/11/2008 1:27:35 AM : ERROR - Unable to connect to the remote server
10/11/2008 1:27:45 AM : ERROR - The remote server returned an error: (404) Not Found.
10/11/2008 1:29:10 AM : ERROR - The remote server returned an error: (404) Not Found.
10/11/2008 1:29:54 AM : ERROR - The operation has timed out
10/11/2008 1:30:57 AM : ERROR - The operation has timed out
10/11/2008 1:32:00 AM : ERROR - The operation has timed out
10/11/2008 1:33:04 AM : ERROR - The operation has timed out
10/11/2008 1:33:04 AM : ERROR - The remote server returned an error: (404) Not Found.
10/11/2008 2:00:20 AM : ERROR - The operation has timed out
10/11/2008 2:00:21 AM : ERROR - The operation has timed out
10/11/2008 2:07:42 AM : ERROR - The operation has timed out
10/11/2008 2:38:12 PM : ERROR - The operation has timed out
10/11/2008 5:03:32 PM : ERROR - The operation has timed out
10/11/2008 5:03:33 PM : ERROR - The operation has timed out
10/11/2008 5:04:25 PM : ERROR - The operation has timed out
10/11/2008 5:04:32 PM : ERROR - The operation has timed out
10/11/2008 5:04:33 PM : ERROR - Unable to connect to the remote server
10/11/2008 5:04:34 PM : ERROR - The operation has timed out
10/11/2008 5:04:35 PM : ERROR - Unable to connect to the remote server
10/11/2008 5:04:36 PM : ERROR - The operation has timed out
10/11/2008 5:04:37 PM : ERROR - The operation has timed out
10/11/2008 5:04:37 PM : ERROR - Unable to connect to the remote server
10/11/2008 5:04:39 PM : ERROR - The operation has timed out
10/11/2008 5:06:04 PM : ERROR - The operation has timed out
10/11/2008 5:06:05 PM : ERROR - The operation has timed out
10/11/2008 5:06:06 PM : ERROR - The operation has timed out
10/11/2008 5:06:07 PM : ERROR - The operation has timed out
10/11/2008 5:06:08 PM : ERROR - The operation has timed out
10/11/2008 5:39:36 PM : ERROR - The operation has timed out
10/11/2008 5:41:02 PM : ERROR - The operation has timed out
10/11/2008 5:41:18 PM : ERROR - The operation has timed out
10/11/2008 5:41:19 PM : ERROR - The operation has timed out
10/11/2008 5:41:20 PM : ERROR - The operation has timed out
10/11/2008 5:57:01 PM : ERROR - The operation has timed out
10/11/2008 6:35:57 PM : ERROR - The operation has timed out
10/11/2008 6:59:56 PM : ERROR - The operation has timed out
10/11/2008 7:00:17 PM : ERROR - The operation has timed out
10/11/2008 7:00:18 PM : ERROR - The operation has timed out
10/11/2008 7:03:31 PM : ERROR - The operation has timed out
10/11/2008 7:03:32 PM : ERROR - The operation has timed out
10/11/2008 7:03:33 PM : ERROR - The operation has timed out
10/11/2008 7:03:53 PM : ERROR - The operation has timed out
10/11/2008 7:03:54 PM : ERROR - The operation has timed out
10/11/2008 7:03:55 PM : ERROR - The operation has timed out
10/11/2008 7:07:28 PM : ERROR - The operation has timed out
10/11/2008 7:07:29 PM : ERROR - The operation has timed out
10/11/2008 7:07:45 PM : ERROR - The operation has timed out
10/11/2008 7:07:46 PM : ERROR - The operation has timed out
10/11/2008 7:11:22 PM : ERROR - The remote server returned an error: (404) Not Found.
10/11/2008 7:27:11 PM : ERROR - The remote server returned an error: (404) Not Found.
10/11/2008 7:27:15 PM : ERROR - The operation has timed out
10/11/2008 7:27:16 PM : ERROR - The operation has timed out
10/11/2008 7:27:17 PM : ERROR - The operation has timed out
10/11/2008 7:32:37 PM : ERROR - The remote server returned an error: (404) Not Found.
10/11/2008 7:36:00 PM : ERROR - The remote server returned an error: (404) Not Found.
10/11/2008 7:36:25 PM : ERROR - The remote server returned an error: (404) Not Found.
10/11/2008 7:36:41 PM : ERROR - The remote server returned an error: (404) Not Found.
10/11/2008 7:38:32 PM : ERROR - The remote server returned an error: (404) Not Found.
10/11/2008 7:45:32 PM : ERROR - The operation has timed out
10/11/2008 7:47:07 PM : ERROR - The operation has timed out
10/11/2008 7:47:08 PM : ERROR - The operation has timed out
10/11/2008 7:47:14 PM : ERROR - The operation has timed out
10/11/2008 7:47:46 PM : ERROR - The operation has timed out
10/11/2008 7:49:24 PM : ERROR - The operation has timed out
10/11/2008 7:49:25 PM : ERROR - The operation has timed out
10/11/2008 7:49:26 PM : ERROR - The operation has timed out
10/11/2008 7:49:27 PM : ERROR - The operation has timed out
10/11/2008 7:56:32 PM : ERROR - The operation has timed out
10/11/2008 7:56:33 PM : ERROR - The operation has timed out
10/11/2008 7:56:44 PM : ERROR - The operation has timed out
10/11/2008 7:56:45 PM : ERROR - The operation has timed out
10/11/2008 7:56:46 PM : ERROR - The operation has timed out
10/11/2008 7:56:47 PM : ERROR - The operation has timed out
10/11/2008 7:56:48 PM : ERROR - The operation has timed out
10/11/2008 7:56:49 PM : ERROR - The operation has timed out
10/11/2008 7:56:50 PM : ERROR - The operation has timed out
10/11/2008 7:56:51 PM : ERROR - The operation has timed out
10/11/2008 7:56:52 PM : ERROR - The operation has timed out
10/11/2008 7:56:54 PM : ERROR - The operation has timed out
10/11/2008 7:57:01 PM : ERROR - The operation has timed out
10/11/2008 7:57:04 PM : ERROR - The operation has timed out
10/11/2008 7:57:05 PM : ERROR - The operation has timed out
10/11/2008 7:57:07 PM : ERROR - The operation has timed out
10/11/2008 7:57:09 PM : ERROR - The operation has timed out
10/11/2008 7:57:10 PM : ERROR - The operation has timed out
10/11/2008 8:09:43 PM : ERROR - The operation has timed out
10/11/2008 8:09:44 PM : ERROR - The operation has timed out
10/11/2008 8:09:54 PM : ERROR - The operation has timed out
10/11/2008 8:09:55 PM : ERROR - The operation has timed out
10/11/2008 8:13:00 PM : ERROR - The operation has timed out
10/11/2008 8:13:01 PM : ERROR - The operation has timed out
10/11/2008 8:13:15 PM : ERROR - The operation has timed out
10/11/2008 8:13:20 PM : ERROR - The operation has timed out
10/11/2008 8:13:22 PM : ERROR - The operation has timed out
10/11/2008 8:13:23 PM : ERROR - The operation has timed out
10/11/2008 8:13:26 PM : ERROR - The operation has timed out
10/11/2008 8:16:01 PM : ERROR - The operation has timed out
10/11/2008 8:16:02 PM : ERROR - The operation has timed out
10/11/2008 8:17:16 PM : ERROR - The operation has timed out
10/11/2008 8:17:17 PM : ERROR - The operation has timed out
10/11/2008 8:18:04 PM : ERROR - The operation has timed out
10/11/2008 8:18:05 PM : ERROR - The operation has timed out
10/11/2008 8:18:15 PM : ERROR - The operation has timed out
10/11/2008 8:18:20 PM : ERROR - The operation has timed out
10/11/2008 8:18:21 PM : ERROR - The operation has timed out
10/11/2008 8:18:23 PM : ERROR - The operation has timed out
10/11/2008 8:18:32 PM : ERROR - The operation has timed out
10/11/2008 8:26:53 PM : ERROR - The operation has timed out
10/11/2008 8:26:54 PM : ERROR - The operation has timed out
10/11/2008 8:27:03 PM : ERROR - The operation has timed out
10/11/2008 8:27:10 PM : ERROR - The operation has timed out
10/11/2008 8:27:21 PM : ERROR - The operation has timed out
10/11/2008 8:27:31 PM : ERROR - The operation has timed out
10/11/2008 8:28:02 PM : ERROR - The operation has timed out
10/11/2008 8:28:03 PM : ERROR - The operation has timed out
10/11/2008 8:28:39 PM : ERROR - The operation has timed out
10/11/2008 8:28:50 PM : ERROR - The operation has timed out
10/11/2008 8:29:00 PM : ERROR - The operation has timed out
10/11/2008 8:29:42 PM : ERROR - The operation has timed out
10/11/2008 8:29:43 PM : ERROR - The operation has timed out
10/11/2008 8:29:51 PM : ERROR - The operation has timed out
10/11/2008 8:30:02 PM : ERROR - The operation has timed out
10/11/2008 8:30:25 PM : ERROR - The operation has timed out
10/11/2008 8:30:26 PM : ERROR - The operation has timed out
10/11/2008 8:30:33 PM : ERROR - The operation has timed out
10/11/2008 8:30:44 PM : ERROR - The operation has timed out
10/11/2008 8:30:55 PM : ERROR - The operation has timed out
10/11/2008 8:31:05 PM : ERROR - The operation has timed out
10/11/2008 8:31:15 PM : ERROR - The operation has timed out
10/11/2008 8:31:25 PM : ERROR - The operation has timed out
10/11/2008 8:31:35 PM : ERROR - The operation has timed out
10/11/2008 8:31:45 PM : ERROR - The operation has timed out
10/11/2008 8:31:55 PM : ERROR - The operation has timed out
10/11/2008 8:32:05 PM : ERROR - The operation has timed out
10/11/2008 8:32:15 PM : ERROR - The operation has timed out
10/11/2008 8:32:25 PM : ERROR - The operation has timed out
10/11/2008 8:32:35 PM : ERROR - The operation has timed out
10/11/2008 8:32:45 PM : ERROR - The operation has timed out
10/11/2008 8:32:55 PM : ERROR - The operation has timed out
10/11/2008 8:33:05 PM : ERROR - The operation has timed out
10/11/2008 8:33:15 PM : ERROR - The operation has timed out
10/11/2008 8:33:25 PM : ERROR - The operation has timed out
10/11/2008 8:33:35 PM : ERROR - The operation has timed out
10/11/2008 8:33:45 PM : ERROR - The operation has timed out
10/11/2008 8:33:55 PM : ERROR - The operation has timed out
10/11/2008 8:34:05 PM : ERROR - The operation has timed out
10/11/2008 8:34:15 PM : ERROR - The operation has timed out
10/11/2008 8:34:25 PM : ERROR - The operation has timed out
10/11/2008 8:34:35 PM : ERROR - The operation has timed out
10/11/2008 8:34:45 PM : ERROR - The operation has timed out
10/11/2008 8:34:55 PM : ERROR - The operation has timed out
10/11/2008 8:35:05 PM : ERROR - The operation has timed out
10/11/2008 8:35:15 PM : ERROR - The operation has timed out
10/11/2008 8:35:25 PM : ERROR - The operation has timed out
10/11/2008 8:35:35 PM : ERROR - The operation has timed out
10/11/2008 9:17:15 PM : ERROR - The operation has timed out
10/11/2008 9:17:16 PM : ERROR - The operation has timed out
10/11/2008 9:17:20 PM : ERROR - The operation has timed out
10/11/2008 9:17:21 PM : ERROR - The operation has timed out
10/11/2008 9:17:22 PM : ERROR - The operation has timed out
10/11/2008 9:17:23 PM : ERROR - The operation has timed out
10/11/2008 9:17:24 PM : ERROR - The operation has timed out
10/11/2008 9:17:26 PM : ERROR - The operation has timed out
10/11/2008 9:17:56 PM : ERROR - The operation has timed out
10/11/2008 9:17:57 PM : ERROR - The operation has timed out
10/11/2008 9:18:06 PM : ERROR - The operation has timed out
10/11/2008 9:18:10 PM : ERROR - The operation has timed out
10/11/2008 9:18:21 PM : ERROR - The operation has timed out
10/11/2008 9:18:31 PM : ERROR - The operation has timed out
10/11/2008 9:18:41 PM : ERROR - The operation has timed out
10/11/2008 9:18:51 PM : ERROR - The operation has timed out
10/11/2008 9:19:01 PM : ERROR - The operation has timed out
10/11/2008 9:19:11 PM : ERROR - The operation has timed out
10/11/2008 9:20:35 PM : ERROR - The operation has timed out
10/11/2008 9:20:36 PM : ERROR - The operation has timed out
10/11/2008 9:20:39 PM : ERROR - The operation has timed out
10/11/2008 9:20:50 PM : ERROR - The operation has timed out
10/11/2008 9:21:08 PM : ERROR - The operation has timed out
10/11/2008 9:21:09 PM : ERROR - The operation has timed out
10/11/2008 9:21:13 PM : ERROR - The operation has timed out
10/11/2008 9:21:24 PM : ERROR - The operation has timed out
10/11/2008 9:21:34 PM : ERROR - The operation has timed out
10/11/2008 9:21:44 PM : ERROR - The operation has timed out
10/11/2008 9:21:54 PM : ERROR - The operation has timed out
10/11/2008 9:22:04 PM : ERROR - The operation has timed out
10/11/2008 9:22:14 PM : ERROR - The operation has timed out
10/11/2008 9:22:24 PM : ERROR - The operation has timed out
10/11/2008 9:22:34 PM : ERROR - The operation has timed out
10/11/2008 9:22:52 PM : ERROR - The operation has timed out
10/11/2008 9:22:53 PM : ERROR - The operation has timed out
10/11/2008 9:22:54 PM : ERROR - The operation has timed out
10/11/2008 9:22:55 PM : ERROR - The operation has timed out
10/11/2008 9:22:56 PM : ERROR - The operation has timed out
10/11/2008 9:22:57 PM : ERROR - The operation has timed out
10/11/2008 9:22:58 PM : ERROR - The operation has timed out
10/11/2008 9:24:22 PM : ERROR - The operation has timed out
10/11/2008 9:25:42 PM : ERROR - The operation has timed out
10/11/2008 9:31:10 PM : ERROR - The operation has timed out
10/11/2008 9:31:11 PM : ERROR - The operation has timed out
10/11/2008 9:31:12 PM : ERROR - The operation has timed out
10/11/2008 9:32:03 PM : ERROR - The operation has timed out
10/11/2008 9:32:04 PM : ERROR - The operation has timed out
10/11/2008 9:32:05 PM : ERROR - The operation has timed out
10/11/2008 9:32:09 PM : ERROR - The operation has timed out
10/11/2008 9:32:10 PM : ERROR - The operation has timed out
10/11/2008 9:32:11 PM : ERROR - The operation has timed out
10/11/2008 9:32:26 PM : ERROR - The operation has timed out
10/11/2008 9:32:27 PM : ERROR - The operation has timed out
10/11/2008 9:32:28 PM : ERROR - The operation has timed out
10/11/2008 9:32:29 PM : ERROR - The operation has timed out
10/11/2008 9:32:42 PM : ERROR - The operation has timed out
10/11/2008 9:32:43 PM : ERROR - The operation has timed out
10/11/2008 9:32:44 PM : ERROR - The operation has timed out
10/11/2008 9:35:26 PM : ERROR - The operation has timed out
10/11/2008 9:35:27 PM : ERROR - The operation has timed out
10/11/2008 9:35:28 PM : ERROR - The operation has timed out
10/11/2008 9:35:29 PM : ERROR - The operation has timed out
10/11/2008 9:35:30 PM : ERROR - The operation has timed out
10/11/2008 9:35:31 PM : ERROR - The operation has timed out
10/11/2008 9:35:32 PM : ERROR - The operation has timed out
10/11/2008 9:35:33 PM : ERROR - The operation has timed out
10/11/2008 9:35:34 PM : ERROR - The operation has timed out
10/11/2008 9:35:35 PM : ERROR - The operation has timed out
10/11/2008 9:35:36 PM : ERROR - The operation has timed out
10/11/2008 9:35:37 PM : ERROR - The operation has timed out
10/11/2008 9:35:38 PM : ERROR - The operation has timed out
10/11/2008 9:35:39 PM : ERROR - The operation has timed out
10/11/2008 9:35:40 PM : ERROR - The operation has timed out
