10/10/2008 7:30:09 PM : ERROR - The operation has timed out
10/10/2008 7:31:12 PM : ERROR - The operation has timed out
10/10/2008 7:32:15 PM : ERROR - The operation has timed out
10/10/2008 7:33:18 PM : ERROR - The operation has timed out
10/10/2008 7:33:48 PM : ERROR - The operation has timed out
10/10/2008 7:34:21 PM : ERROR - The operation has timed out
10/10/2008 8:06:55 PM : ERROR - The operation has timed out
10/10/2008 9:39:54 PM : ERROR - The remote server returned an error: (404) Not Found.
10/10/2008 9:39:55 PM : ERROR - The remote server returned an error: (404) Not Found.
10/10/2008 9:39:57 PM : ERROR - The remote server returned an error: (404) Not Found.
10/10/2008 10:26:17 PM : ERROR - The operation has timed out
10/10/2008 10:47:48 PM : ERROR - The operation has timed out
10/10/2008 10:48:51 PM : ERROR - The operation has timed out
10/10/2008 11:08:37 PM : ERROR - The operation has timed out
10/11/2008 1:25:35 AM : ERROR - The operation has timed out
10/11/2008 1:25:46 AM : ERROR - The operation has timed out
10/11/2008 1:25:53 AM : ERROR - The operation has timed out
10/11/2008 1:26:34 AM : ERROR - The operation has timed out
10/11/2008 1:26:46 AM : ERROR - The operation has timed out
10/11/2008 1:26:56 AM : ERROR - The operation has timed out
10/11/2008 1:27:06 AM : ERROR - The operation has timed out
10/11/2008 1:27:16 AM : ERROR - The operation has timed out
10/11/2008 1:27:26 AM : ERROR - The operation has timed out
10/11/2008 1:27:35 AM : ERROR - Unable to connect to the remote server
10/11/2008 1:27:45 AM : ERROR - The remote server returned an error: (404) Not Found.
10/11/2008 1:29:10 AM : ERROR - The remote server returned an error: (404) Not Found.
10/11/2008 1:29:54 AM : ERROR - The operation has timed out
10/11/2008 1:30:57 AM : ERROR - The operation has timed out
10/11/2008 1:32:00 AM : ERROR - The operation has timed out
10/11/2008 1:33:04 AM : ERROR - The operation has timed out
10/11/2008 1:33:04 AM : ERROR - The remote server returned an error: (404) Not Found.
10/11/2008 2:00:20 AM : ERROR - The operation has timed out
10/11/2008 2:00:21 AM : ERROR - The operation has timed out
10/11/2008 2:07:42 AM : ERROR - The operation has timed out
